# JRE version: Java(TM) SE Runtime Environment (8.0_91-b15) (build 1.8.0_91-b15)
# Java VM: Java HotSpot(TM) 64-Bit Server VM (25.91-b15 mixed mode windows-amd64 compressed oops)
Heap:
 PSYoungGen      total 26624K, used 5892K [0x00000000eab00000, 0x00000000eca80000, 0x0000000100000000)
  eden space 24064K, 13% used [0x00000000eab00000,0x00000000eae41318,0x00000000ec280000)
  from space 2560K, 100% used [0x00000000ec500000,0x00000000ec780000,0x00000000ec780000)
  to   space 2560K, 0% used [0x00000000ec280000,0x00000000ec280000,0x00000000ec500000)
 ParOldGen       total 35840K, used 9655K [0x00000000c0000000, 0x00000000c2300000, 0x00000000eab00000)
  object space 35840K, 26% used [0x00000000c0000000,0x00000000c096dee8,0x00000000c2300000)
 Metaspace       used 6266K, capacity 7216K, committed 7296K, reserved 1058816K
  class space    used 599K, capacity 616K, committed 640K, reserved 1048576K
GC Heap History (10 events):
Event: 2.881 GC heap before
{Heap before GC invocations=1 (full 0):
 PSYoungGen      total 18944K, used 16382K [0x00000000eab00000, 0x00000000ec000000, 0x0000000100000000)
  eden space 16384K, 99% used [0x00000000eab00000,0x00000000ebaffa20,0x00000000ebb00000)
  from space 2560K, 0% used [0x00000000ebd80000,0x00000000ebd80000,0x00000000ec000000)
  to   space 2560K, 0% used [0x00000000ebb00000,0x00000000ebb00000,0x00000000ebd80000)
 ParOldGen       total 44032K, used 0K [0x00000000c0000000, 0x00000000c2b00000, 0x00000000eab00000)
  object space 44032K, 0% used [0x00000000c0000000,0x00000000c0000000,0x00000000c2b00000)
 Metaspace       used 5742K, capacity 6704K, committed 6784K, reserved 1060864K
  class space    used 595K, capacity 616K, committed 640K, reserved 1048576K
Event: 2.896 GC heap after
Heap after GC invocations=1 (full 0):
 PSYoungGen      total 18944K, used 2554K [0x00000000eab00000, 0x00000000ec000000, 0x0000000100000000)
  eden space 16384K, 0% used [0x00000000eab00000,0x00000000eab00000,0x00000000ebb00000)
  from space 2560K, 99% used [0x00000000ebb00000,0x00000000ebd7ead8,0x00000000ebd80000)
  to   space 2560K, 0% used [0x00000000ebd80000,0x00000000ebd80000,0x00000000ec000000)
 ParOldGen       total 44032K, used 1667K [0x00000000c0000000, 0x00000000c2b00000, 0x00000000eab00000)
  object space 44032K, 3% used [0x00000000c0000000,0x00000000c01a0d08,0x00000000c2b00000)
 Metaspace       used 5742K, capacity 6704K, committed 6784K, reserved 1060864K
  class space    used 595K, capacity 616K, committed 640K, reserved 1048576K
}
Event: 2.896 GC heap before
{Heap before GC invocations=2 (full 1):
 PSYoungGen      total 18944K, used 2554K [0x00000000eab00000, 0x00000000ec000000, 0x0000000100000000)
  eden space 16384K, 0% used [0x00000000eab00000,0x00000000eab00000,0x00000000ebb00000)
  from space 2560K, 99% used [0x00000000ebb00000,0x00000000ebd7ead8,0x00000000ebd80000)
  to   space 2560K, 0% used [0x00000000ebd80000,0x00000000ebd80000,0x00000000ec000000)
 ParOldGen       total 44032K, used 1667K [0x00000000c0000000, 0x00000000c2b00000, 0x00000000eab00000)
  object space 44032K, 3% used [0x00000000c0000000,0x00000000c01a0d08,0x00000000c2b00000)
 Metaspace       used 5742K, capacity 6704K, committed 6784K, reserved 1060864K
  class space    used 595K, capacity 616K, committed 640K, reserved 1048576K
Event: 2.960 GC heap after
Heap after GC invocations=2 (full 1):
 PSYoungGen      total 18944K, used 0K [0x00000000eab00000, 0x00000000ec000000, 0x0000000100000000)
  eden space 16384K, 0% used [0x00000000eab00000,0x00000000eab00000,0x00000000ebb00000)
  from space 2560K, 0% used [0x00000000ebb00000,0x00000000ebb00000,0x00000000ebd80000)
  to   space 2560K, 0% used [0x00000000ebd80000,0x00000000ebd80000,0x00000000ec000000)
 ParOldGen       total 35840K, used 4027K [0x00000000c0000000, 0x00000000c2300000, 0x00000000eab00000)
  object space 35840K, 11% used [0x00000000c0000000,0x00000000c03eed20,0x00000000c2300000)
 Metaspace       used 5742K, capacity 6704K, committed 6784K, reserved 1058816K
  class space    used 595K, capacity 616K, committed 640K, reserved 1048576K
}
Event: 3.522 GC heap before
{Heap before GC invocations=3 (full 1):
 PSYoungGen      total 18944K, used 16384K [0x00000000eab00000, 0x00000000ec000000, 0x0000000100000000)
  eden space 16384K, 100% used [0x00000000eab00000,0x00000000ebb00000,0x00000000ebb00000)
  from space 2560K, 0% used [0x00000000ebb00000,0x00000000ebb00000,0x00000000ebd80000)
  to   space 2560K, 0% used [0x00000000ebd80000,0x00000000ebd80000,0x00000000ec000000)
 ParOldGen       total 35840K, used 4027K [0x00000000c0000000, 0x00000000c2300000, 0x00000000eab00000)
  object space 35840K, 11% used [0x00000000c0000000,0x00000000c03eed20,0x00000000c2300000)
 Metaspace       used 5889K, capacity 6832K, committed 7040K, reserved 1058816K
  class space    used 596K, capacity 616K, committed 640K, reserved 1048576K
Event: 3.541 GC heap after
Heap after GC invocations=3 (full 1):
 PSYoungGen      total 18944K, used 2528K [0x00000000eab00000, 0x00000000ec780000, 0x0000000100000000)
  eden space 16384K, 0% used [0x00000000eab00000,0x00000000eab00000,0x00000000ebb00000)
  from space 2560K, 98% used [0x00000000ebd80000,0x00000000ebff8010,0x00000000ec000000)
  to   space 2560K, 0% used [0x00000000ebb00000,0x00000000ebb00000,0x00000000ebd80000)
 ParOldGen       total 35840K, used 4568K [0x00000000c0000000, 0x00000000c2300000, 0x00000000eab00000)
  object space 35840K, 12% used [0x00000000c0000000,0x00000000c0476348,0x00000000c2300000)
 Metaspace       used 5889K, capacity 6832K, committed 7040K, reserved 1058816K
  class space    used 596K, capacity 616K, committed 640K, reserved 1048576K
}
Event: 9.639 GC heap before
{Heap before GC invocations=4 (full 1):
 PSYoungGen      total 18944K, used 18912K [0x00000000eab00000, 0x00000000ec780000, 0x0000000100000000)
  eden space 16384K, 100% used [0x00000000eab00000,0x00000000ebb00000,0x00000000ebb00000)
  from space 2560K, 98% used [0x00000000ebd80000,0x00000000ebff8010,0x00000000ec000000)
  to   space 2560K, 0% used [0x00000000ebb00000,0x00000000ebb00000,0x00000000ebd80000)
 ParOldGen       total 35840K, used 4568K [0x00000000c0000000, 0x00000000c2300000, 0x00000000eab00000)
  object space 35840K, 12% used [0x00000000c0000000,0x00000000c0476348,0x00000000c2300000)
 Metaspace       used 6139K, capacity 7088K, committed 7296K, reserved 1058816K
  class space    used 599K, capacity 616K, committed 640K, reserved 1048576K
Event: 9.769 GC heap after
Heap after GC invocations=4 (full 1):
 PSYoungGen      total 18944K, used 2560K [0x00000000eab00000, 0x00000000ec780000, 0x0000000100000000)
  eden space 16384K, 0% used [0x00000000eab00000,0x00000000eab00000,0x00000000ebb00000)
  from space 2560K, 100% used [0x00000000ebb00000,0x00000000ebd80000,0x00000000ebd80000)
  to   space 2560K, 0% used [0x00000000ec500000,0x00000000ec500000,0x00000000ec780000)
 ParOldGen       total 35840K, used 7068K [0x00000000c0000000, 0x00000000c2300000, 0x00000000eab00000)
  object space 35840K, 19% used [0x00000000c0000000,0x00000000c06e7320,0x00000000c2300000)
 Metaspace       used 6139K, capacity 7088K, committed 7296K, reserved 1058816K
  class space    used 599K, capacity 616K, committed 640K, reserved 1048576K
}
Event: 16.383 GC heap before
{Heap before GC invocations=5 (full 1):
 PSYoungGen      total 18944K, used 18944K [0x00000000eab00000, 0x00000000ec780000, 0x0000000100000000)
  eden space 16384K, 100% used [0x00000000eab00000,0x00000000ebb00000,0x00000000ebb00000)
  from space 2560K, 100% used [0x00000000ebb00000,0x00000000ebd80000,0x00000000ebd80000)
  to   space 2560K, 0% used [0x00000000ec500000,0x00000000ec500000,0x00000000ec780000)
 ParOldGen       total 35840K, used 7068K [0x00000000c0000000, 0x00000000c2300000, 0x00000000eab00000)
  object space 35840K, 19% used [0x00000000c0000000,0x00000000c06e7320,0x00000000c2300000)
 Metaspace       used 6226K, capacity 7152K, committed 7296K, reserved 1058816K
  class space    used 599K, capacity 616K, committed 640K, reserved 1048576K
Event: 17.094 GC heap after
Heap after GC invocations=5 (full 1):
 PSYoungGen      total 26624K, used 2560K [0x00000000eab00000, 0x00000000eca80000, 0x0000000100000000)
  eden space 24064K, 0% used [0x00000000eab00000,0x00000000eab00000,0x00000000ec280000)
  from space 2560K, 100% used [0x00000000ec500000,0x00000000ec780000,0x00000000ec780000)
  to   space 2560K, 0% used [0x00000000ec280000,0x00000000ec280000,0x00000000ec500000)
 ParOldGen       total 35840K, used 9655K [0x00000000c0000000, 0x00000000c2300000, 0x00000000eab00000)
  object space 35840K, 26% used [0x00000000c0000000,0x00000000c096dee8,0x00000000c2300000)
 Metaspace       used 6226K, capacity 7152K, committed 7296K, reserved 1058816K
  class space    used 599K, capacity 616K, committed 640K, reserved 1048576K
}

